0 info it worked if it ends with ok
1 verbose cli [ '/usr/local/bin/node', '/usr/local/bin/npm', 'install' ]
2 info using npm@2.14.4
3 info using node@v4.1.1
4 verbose readDependencies loading dependencies from /Applications/XAMPP/xamppfiles/htdocs/workspace/sb/wp-content/themes/twentysixteen-child/package.json
5 warn package.json Dependency 'grunt' exists in both dependencies and devDependencies, using 'grunt@^1.0.1' from dependencies
6 warn package.json Dependency 'grunt-concurrent' exists in both dependencies and devDependencies, using 'grunt-concurrent@^1.0.0' from dependencies
7 warn package.json Dependency 'grunt-contrib-compass' exists in both dependencies and devDependencies, using 'grunt-contrib-compass@^1.0.3' from dependencies
8 warn package.json Dependency 'grunt-contrib-concat' exists in both dependencies and devDependencies, using 'grunt-contrib-concat@^0.5.0' from dependencies
9 warn package.json Dependency 'grunt-contrib-jshint' exists in both dependencies and devDependencies, using 'grunt-contrib-jshint@^0.10.0' from dependencies
10 warn package.json Dependency 'grunt-contrib-uglify' exists in both dependencies and devDependencies, using 'grunt-contrib-uglify@^0.8.0' from dependencies
11 warn package.json Dependency 'grunt-contrib-watch' exists in both dependencies and devDependencies, using 'grunt-contrib-watch@^0.6.1' from dependencies
12 warn package.json Dependency 'grunt-install-dependencies' exists in both dependencies and devDependencies, using 'grunt-install-dependencies@^0.2.0' from dependencies
13 warn package.json Dependency 'grunt-newer' exists in both dependencies and devDependencies, using 'grunt-newer@^1.1.0' from dependencies
14 warn package.json Dependency 'grunt-notify' exists in both dependencies and devDependencies, using 'grunt-notify@^0.4.1' from dependencies
15 warn package.json Dependency 'load-grunt-tasks' exists in both dependencies and devDependencies, using 'load-grunt-tasks@^3.1.0' from dependencies
16 warn package.json Dependency 'time-grunt' exists in both dependencies and devDependencies, using 'time-grunt@^1.3.0' from dependencies
17 verbose install where, deps [ '/Applications/XAMPP/xamppfiles/htdocs/workspace/sb/wp-content/themes/twentysixteen-child',
17 verbose install   [ 'grunt',
17 verbose install     'grunt-concurrent',
17 verbose install     'grunt-contrib-compass',
17 verbose install     'grunt-contrib-concat',
17 verbose install     'grunt-contrib-jshint',
17 verbose install     'grunt-contrib-uglify',
17 verbose install     'grunt-contrib-watch',
17 verbose install     'grunt-install-dependencies',
17 verbose install     'grunt-newer',
17 verbose install     'grunt-notify',
17 verbose install     'load-grunt-tasks',
17 verbose install     'time-grunt' ] ]
18 verbose install where, peers [ '/Applications/XAMPP/xamppfiles/htdocs/workspace/sb/wp-content/themes/twentysixteen-child',
18 verbose install   [] ]
19 verbose installManyTop reading for lifecycle /Applications/XAMPP/xamppfiles/htdocs/workspace/sb/wp-content/themes/twentysixteen-child/package.json
20 info preinstall twentysixteen-child@1.0.0
21 verbose installManyTop reading scoped package data from /Applications/XAMPP/xamppfiles/htdocs/workspace/sb/wp-content/themes/twentysixteen-child/node_modules/grunt/package.json
22 verbose installManyTop reading scoped package data from /Applications/XAMPP/xamppfiles/htdocs/workspace/sb/wp-content/themes/twentysixteen-child/node_modules/grunt-concurrent/package.json
23 verbose installManyTop reading scoped package data from /Applications/XAMPP/xamppfiles/htdocs/workspace/sb/wp-content/themes/twentysixteen-child/node_modules/grunt-contrib-compass/package.json
24 verbose installManyTop reading scoped package data from /Applications/XAMPP/xamppfiles/htdocs/workspace/sb/wp-content/themes/twentysixteen-child/node_modules/grunt-contrib-concat/package.json
25 verbose installManyTop reading scoped package data from /Applications/XAMPP/xamppfiles/htdocs/workspace/sb/wp-content/themes/twentysixteen-child/node_modules/grunt-contrib-jshint/package.json
26 verbose installManyTop reading scoped package data from /Applications/XAMPP/xamppfiles/htdocs/workspace/sb/wp-content/themes/twentysixteen-child/node_modules/grunt-contrib-uglify/package.json
27 verbose installManyTop reading scoped package data from /Applications/XAMPP/xamppfiles/htdocs/workspace/sb/wp-content/themes/twentysixteen-child/node_modules/grunt-contrib-watch/package.json
28 verbose installManyTop reading scoped package data from /Applications/XAMPP/xamppfiles/htdocs/workspace/sb/wp-content/themes/twentysixteen-child/node_modules/grunt-install-dependencies/package.json
29 verbose installManyTop reading scoped package data from /Applications/XAMPP/xamppfiles/htdocs/workspace/sb/wp-content/themes/twentysixteen-child/node_modules/grunt-newer/package.json
30 verbose installManyTop reading scoped package data from /Applications/XAMPP/xamppfiles/htdocs/workspace/sb/wp-content/themes/twentysixteen-child/node_modules/grunt-notify/package.json
31 verbose installManyTop reading scoped package data from /Applications/XAMPP/xamppfiles/htdocs/workspace/sb/wp-content/themes/twentysixteen-child/node_modules/load-grunt-tasks/package.json
32 verbose installManyTop reading scoped package data from /Applications/XAMPP/xamppfiles/htdocs/workspace/sb/wp-content/themes/twentysixteen-child/node_modules/time-grunt/package.json
33 info package.json grunt-contrib-concat@0.5.1 No license field.
34 info package.json grunt-contrib-jshint@0.10.0 No license field.
35 info package.json grunt-contrib-uglify@0.8.1 No license field.
36 info package.json grunt-contrib-watch@0.6.1 No license field.
37 info package.json grunt-install-dependencies@0.2.0 No license field.
38 verbose readDependencies loading dependencies from /Applications/XAMPP/xamppfiles/htdocs/workspace/sb/wp-content/themes/twentysixteen-child/package.json
39 verbose targetResolver reading package data from /Applications/XAMPP/xamppfiles/htdocs/workspace/sb/wp-content/themes/twentysixteen-child/node_modules/grunt/package.json
40 verbose targetResolver reading package data from /Applications/XAMPP/xamppfiles/htdocs/workspace/sb/wp-content/themes/twentysixteen-child/node_modules/grunt-concurrent/package.json
41 verbose targetResolver reading package data from /Applications/XAMPP/xamppfiles/htdocs/workspace/sb/wp-content/themes/twentysixteen-child/node_modules/grunt-contrib-compass/package.json
42 verbose targetResolver reading package data from /Applications/XAMPP/xamppfiles/htdocs/workspace/sb/wp-content/themes/twentysixteen-child/node_modules/grunt-contrib-concat/package.json
43 verbose targetResolver reading package data from /Applications/XAMPP/xamppfiles/htdocs/workspace/sb/wp-content/themes/twentysixteen-child/node_modules/grunt-contrib-jshint/package.json
44 verbose targetResolver reading package data from /Applications/XAMPP/xamppfiles/htdocs/workspace/sb/wp-content/themes/twentysixteen-child/node_modules/grunt-contrib-uglify/package.json
45 verbose targetResolver reading package data from /Applications/XAMPP/xamppfiles/htdocs/workspace/sb/wp-content/themes/twentysixteen-child/node_modules/grunt-contrib-watch/package.json
46 verbose targetResolver reading package data from /Applications/XAMPP/xamppfiles/htdocs/workspace/sb/wp-content/themes/twentysixteen-child/node_modules/grunt-install-dependencies/package.json
47 verbose targetResolver reading package data from /Applications/XAMPP/xamppfiles/htdocs/workspace/sb/wp-content/themes/twentysixteen-child/node_modules/grunt-newer/package.json
48 verbose targetResolver reading package data from /Applications/XAMPP/xamppfiles/htdocs/workspace/sb/wp-content/themes/twentysixteen-child/node_modules/grunt-notify/package.json
49 verbose targetResolver reading package data from /Applications/XAMPP/xamppfiles/htdocs/workspace/sb/wp-content/themes/twentysixteen-child/node_modules/load-grunt-tasks/package.json
50 verbose targetResolver reading package data from /Applications/XAMPP/xamppfiles/htdocs/workspace/sb/wp-content/themes/twentysixteen-child/node_modules/time-grunt/package.json
51 verbose targetResolver reading package data from /Applications/XAMPP/xamppfiles/htdocs/workspace/sb/wp-content/themes/twentysixteen-child/node_modules/.bin/grunt/package.json
52 verbose already installed skipping load-grunt-tasks@^3.1.0 /Applications/XAMPP/xamppfiles/htdocs/workspace/sb/wp-content/themes/twentysixteen-child
53 verbose already installed skipping time-grunt@^1.3.0 /Applications/XAMPP/xamppfiles/htdocs/workspace/sb/wp-content/themes/twentysixteen-child
54 verbose already installed skipping grunt@^1.0.1 /Applications/XAMPP/xamppfiles/htdocs/workspace/sb/wp-content/themes/twentysixteen-child
55 verbose already installed skipping grunt-concurrent@^1.0.0 /Applications/XAMPP/xamppfiles/htdocs/workspace/sb/wp-content/themes/twentysixteen-child
56 verbose already installed skipping grunt-contrib-compass@^1.0.3 /Applications/XAMPP/xamppfiles/htdocs/workspace/sb/wp-content/themes/twentysixteen-child
57 verbose already installed skipping grunt-contrib-concat@^0.5.0 /Applications/XAMPP/xamppfiles/htdocs/workspace/sb/wp-content/themes/twentysixteen-child
58 verbose already installed skipping grunt-contrib-jshint@^0.10.0 /Applications/XAMPP/xamppfiles/htdocs/workspace/sb/wp-content/themes/twentysixteen-child
59 verbose already installed skipping grunt-contrib-uglify@^0.8.0 /Applications/XAMPP/xamppfiles/htdocs/workspace/sb/wp-content/themes/twentysixteen-child
60 verbose already installed skipping grunt-contrib-watch@^0.6.1 /Applications/XAMPP/xamppfiles/htdocs/workspace/sb/wp-content/themes/twentysixteen-child
61 verbose already installed skipping grunt-install-dependencies@^0.2.0 /Applications/XAMPP/xamppfiles/htdocs/workspace/sb/wp-content/themes/twentysixteen-child
62 verbose already installed skipping grunt-newer@^1.1.0 /Applications/XAMPP/xamppfiles/htdocs/workspace/sb/wp-content/themes/twentysixteen-child
63 verbose already installed skipping grunt-notify@^0.4.1 /Applications/XAMPP/xamppfiles/htdocs/workspace/sb/wp-content/themes/twentysixteen-child
64 silly install resolved []
65 info build /Applications/XAMPP/xamppfiles/htdocs/workspace/sb/wp-content/themes/twentysixteen-child
66 info linkStuff twentysixteen-child@1.0.0
67 silly linkStuff twentysixteen-child@1.0.0 has /Applications/XAMPP/xamppfiles/htdocs/workspace/sb/wp-content/themes as its parent node_modules
68 verbose linkBins twentysixteen-child@1.0.0
69 verbose linkMans twentysixteen-child@1.0.0
70 verbose rebuildBundles twentysixteen-child@1.0.0
71 verbose rebuildBundles [ '.bin',
71 verbose rebuildBundles   'grunt',
71 verbose rebuildBundles   'grunt-concurrent',
71 verbose rebuildBundles   'grunt-contrib-compass',
71 verbose rebuildBundles   'grunt-contrib-concat',
71 verbose rebuildBundles   'grunt-contrib-jshint',
71 verbose rebuildBundles   'grunt-contrib-uglify',
71 verbose rebuildBundles   'grunt-contrib-watch',
71 verbose rebuildBundles   'grunt-install-dependencies',
71 verbose rebuildBundles   'grunt-newer',
71 verbose rebuildBundles   'grunt-notify',
71 verbose rebuildBundles   'load-grunt-tasks',
71 verbose rebuildBundles   'time-grunt' ]
72 info install twentysixteen-child@1.0.0
73 info postinstall twentysixteen-child@1.0.0
74 info prepublish twentysixteen-child@1.0.0
75 verbose validateInstall loading /Applications/XAMPP/xamppfiles/htdocs/workspace/sb/wp-content/themes/twentysixteen-child/package.json for validation
76 verbose stack Error: The package grunt@1.0.1 does not satisfy its siblings' peerDependencies requirements!
76 verbose stack     at /usr/local/lib/node_modules/npm/lib/install.js:125:32
76 verbose stack     at /usr/local/lib/node_modules/npm/lib/install.js:268:7
76 verbose stack     at /usr/local/lib/node_modules/npm/node_modules/read-installed/read-installed.js:142:5
76 verbose stack     at /usr/local/lib/node_modules/npm/node_modules/read-installed/read-installed.js:263:14
76 verbose stack     at cb (/usr/local/lib/node_modules/npm/node_modules/slide/lib/async-map.js:47:24)
76 verbose stack     at /usr/local/lib/node_modules/npm/node_modules/read-installed/read-installed.js:263:14
76 verbose stack     at cb (/usr/local/lib/node_modules/npm/node_modules/slide/lib/async-map.js:47:24)
76 verbose stack     at /usr/local/lib/node_modules/npm/node_modules/read-installed/read-installed.js:263:14
76 verbose stack     at cb (/usr/local/lib/node_modules/npm/node_modules/slide/lib/async-map.js:47:24)
76 verbose stack     at /usr/local/lib/node_modules/npm/node_modules/read-installed/read-installed.js:263:14
77 verbose cwd /Applications/XAMPP/xamppfiles/htdocs/workspace/sb/wp-content/themes/twentysixteen-child
78 error Darwin 14.5.0
79 error argv "/usr/local/bin/node" "/usr/local/bin/npm" "install"
80 error node v4.1.1
81 error npm  v2.14.4
82 error code EPEERINVALID
83 error peerinvalid The package grunt@1.0.1 does not satisfy its siblings' peerDependencies requirements!
83 error peerinvalid Peer grunt-contrib-compass@1.1.1 wants grunt@>= 0.4.5
83 error peerinvalid Peer grunt-contrib-concat@0.5.1 wants grunt@>=0.4.0
83 error peerinvalid Peer grunt-contrib-jshint@0.10.0 wants grunt@~0.4.0
83 error peerinvalid Peer grunt-contrib-uglify@0.8.1 wants grunt@>=0.4.0
83 error peerinvalid Peer grunt-contrib-watch@0.6.1 wants grunt@~0.4.0
83 error peerinvalid Peer grunt-install-dependencies@0.2.0 wants grunt@~0.4.0
83 error peerinvalid Peer grunt-newer@1.2.0 wants grunt@>=0.4.1
83 error peerinvalid Peer load-grunt-tasks@3.5.2 wants grunt@>=0.4.0
84 verbose exit [ 1, true ]
